<?xml version="1.0" encoding="UTF-8"?>
<!-- Generated by org.testng.reporters.JUnitXMLReporter -->
<testsuite hostname="purushs-MacBook-Pro-2.local" name="Dataprovider" tests="5" failures="0" timestamp="15 Aug 2016 12:46:54 GMT" time="0.043" errors="0">
  <testcase name="testPrimeNumberChecker" time="0.003" classname="com.winmobtext.dataprovider.Dataprovider"/>
  <testcase name="testPrimeNumberChecker" time="0.001" classname="com.winmobtext.dataprovider.Dataprovider"/>
  <testcase name="testPrimeNumberChecker" time="0.002" classname="com.winmobtext.dataprovider.Dataprovider"/>
  <testcase name="testPrimeNumberChecker" time="0.002" classname="com.winmobtext.dataprovider.Dataprovider"/>
  <testcase name="testPrimeNumberChecker" time="0.002" classname="com.winmobtext.dataprovider.Dataprovider"/>
</testsuite> <!-- Dataprovider -->
