<?xml version="1.0" encoding="UTF-8"?>
<!-- Generated by org.testng.reporters.JUnitXMLReporter -->
<testsuite hostname="purushs-MacBook-Pro-2.local" name="Parameter" tests="3" failures="0" timestamp="15 Aug 2016 12:46:54 GMT" time="0.049" errors="0">
  <testcase name="parameterTest1" time="0.012" classname="com.winmobtext.dataprovider.Parameter"/>
  <testcase name="parameterTest2" time="0.002" classname="com.winmobtext.dataprovider.Parameter"/>
  <testcase name="parameterTest3" time="0.008" classname="com.winmobtext.dataprovider.Parameter"/>
</testsuite> <!-- Parameter -->
