<?xml version="1.0" encoding="UTF-8"?>
<!-- Generated by org.testng.reporters.JUnitXMLReporter -->
<testsuite hostname="purushs-MacBook-Pro-2.local" name="Default test" tests="5" failures="0" timestamp="15 Aug 2016 12:46:40 GMT" time="0.116" errors="0">
  <testcase name="testPrimeNumberChecker" time="0.008" classname="com.winmobtext.dataprovider.Dataprovider"/>
  <testcase name="testPrimeNumberChecker" time="0.002" classname="com.winmobtext.dataprovider.Dataprovider"/>
  <testcase name="testPrimeNumberChecker" time="0.009" classname="com.winmobtext.dataprovider.Dataprovider"/>
  <testcase name="testPrimeNumberChecker" time="0.002" classname="com.winmobtext.dataprovider.Dataprovider"/>
  <testcase name="testPrimeNumberChecker" time="0.002" classname="com.winmobtext.dataprovider.Dataprovider"/>
</testsuite> <!-- Default test -->
