<?xml version="1.0" encoding="UTF-8"?>
<!-- Generated by org.testng.reporters.JUnitXMLReporter -->
<testsuite hostname="purushs-MacBook-Pro-2.local" name="com.winmobtext.suite" tests="8" failures="0" timestamp="15 Aug 2016 11:11:06 GMT" time="0.132" errors="0">
  <testcase name="testConnectMongoDB" time="0.029" classname="com.winmobtext.suite.TestDatabase"/>
  <testcase name="testConnectMsSQL" time="0.002" classname="com.winmobtext.suite.TestDatabase"/>
  <testcase name="testConnectMySQL" time="0.001" classname="com.winmobtext.suite.TestDatabase"/>
  <testcase name="testConnectOracle" time="0.002" classname="com.winmobtext.suite.TestDatabase"/>
  <testcase name="testFindOrder" time="0.002" classname="com.winmobtext.suite.TestOrder"/>
  <testcase name="testMakeEmptyOrder" time="0.002" classname="com.winmobtext.suite.TestOrder"/>
  <testcase name="testMakeOrder" time="0.002" classname="com.winmobtext.suite.TestOrder"/>
  <testcase name="testUpdateOrder" time="0.002" classname="com.winmobtext.suite.TestOrder"/>
</testsuite> <!-- com.winmobtext.suite -->
