<?xml version="1.0" encoding="UTF-8"?>
<!-- Generated by org.testng.reporters.JUnitXMLReporter -->
<testsuite hostname="purushs-MacBook-Pro-2.local" name="com.winmobtext.dataprovider" tests="2" failures="0" timestamp="15 Aug 2016 11:49:43 GMT" time="0.037" errors="0">
  <testcase name="f" time="0.012" classname="com.winmobtext.dataprovider.Dataprovider"/>
  <testcase name="parameterTest" time="0.0" classname="com.winmobtext.dataprovider.Parameter">
    <skipped/>
  </testcase> <!-- parameterTest -->
</testsuite> <!-- com.winmobtext.dataprovider -->
