<?xml version="1.0" encoding="UTF-8"?>
<!-- Generated by org.testng.reporters.JUnitXMLReporter -->
<testsuite hostname="purushs-MacBook-Pro-2.local" name="database" tests="4" failures="0" timestamp="15 Aug 2016 11:48:17 GMT" time="0.013" errors="0">
  <testcase name="testConnectMongoDB" time="0.001" classname="com.winmobtext.suite.TestDatabase"/>
  <testcase name="testConnectMsSQL" time="0.001" classname="com.winmobtext.suite.TestDatabase"/>
  <testcase name="testConnectMySQL" time="0.002" classname="com.winmobtext.suite.TestDatabase"/>
  <testcase name="testConnectOracle" time="0.001" classname="com.winmobtext.suite.TestDatabase"/>
</testsuite> <!-- database -->
