<?xml version="1.0" encoding="UTF-8"?>
<!-- Generated by org.testng.reporters.JUnitXMLReporter -->
<testsuite hostname="purushs-MacBook-Pro-2.local" name="order" tests="4" failures="0" timestamp="15 Aug 2016 11:48:17 GMT" time="0.044" errors="0">
  <testcase name="testFindOrder" time="0.007" classname="com.winmobtext.suite.TestOrder"/>
  <testcase name="testMakeEmptyOrder" time="0.002" classname="com.winmobtext.suite.TestOrder"/>
  <testcase name="testMakeOrder" time="0.001" classname="com.winmobtext.suite.TestOrder"/>
  <testcase name="testUpdateOrder" time="0.002" classname="com.winmobtext.suite.TestOrder"/>
</testsuite> <!-- order -->
